Flow report for alu6
Thu Jun 21 10:30:09 2018
Quartus II 32-bit Version 13.0.0 Build 156 04/24/2013 SJ Web Edition


---------------------
; Table of Contents ;
---------------------
  1. Legal Notice
  2. Flow Summary
  3. Flow Settings
  4. Flow Non-Default Global Settings
  5. Flow Elapsed Time
  6. Flow OS Summary
  7. Flow Log
  8. Flow Messages
  9. Flow Suppressed Messages



----------------
; Legal Notice ;
----------------
Copyright (C) 1991-2013 Altera Corporation
Your use of Altera Corporation's design tools, logic functions 
and other software and tools, and its AMPP partner logic 
functions, and any output files from any of the foregoing 
(including device programming or simulation files), and any 
associated documentation or information are expressly subject 
to the terms and conditions of the Altera Program License 
Subscription Agreement, Altera MegaCore Function License 
Agreement, or other applicable license agreement, including, 
without limitation, that your use is for the sole purpose of 
programming logic devices manufactured by Altera and sold by 
Altera or its authorized distributors.  Please refer to the 
applicable agreement for further details.



+------------------------------------------------------------------------+
; Flow Summary                                                           ;
+---------------------------+--------------------------------------------+
; Flow Status               ; Successful - Thu Jun 21 10:30:09 2018      ;
; Quartus II 32-bit Version ; 13.0.0 Build 156 04/24/2013 SJ Web Edition ;
; Revision Name             ; alu6                                       ;
; Top-level Entity Name     ; alu6                                       ;
; Family                    ; MAX3000A                                   ;
; Device                    ; EPM3064ATC44-10                            ;
; Timing Models             ; Final                                      ;
; Total macrocells          ; 35 / 64 ( 55 % )                           ;
; Total pins                ; 32 / 34 ( 94 % )                           ;
+---------------------------+--------------------------------------------+


+-----------------------------------------+
; Flow Settings                           ;
+-------------------+---------------------+
; Option            ; Setting             ;
+-------------------+---------------------+
; Start date & time ; 06/21/2018 10:20:47 ;
; Main task         ; Compilation         ;
; Revision Name     ; alu6                ;
+-------------------+---------------------+


+-----------------------------------------------------------------------------------------------------+
; Flow Non-Default Global Settings                                                                    ;
+--------------------------+---------------------------+---------------+-------------+----------------+
; Assignment Name          ; Value                     ; Default Value ; Entity Name ; Section Id     ;
+--------------------------+---------------------------+---------------+-------------+----------------+
; COMPILER_SIGNATURE_ID    ; 0.152957284705284         ; --            ; --          ; --             ;
; EDA_OUTPUT_DATA_FORMAT   ; Verilog Hdl               ; --            ; --          ; eda_simulation ;
; EDA_SIMULATION_TOOL      ; ModelSim-Altera (Verilog) ; <None>        ; --          ; --             ;
; MAX_CORE_JUNCTION_TEMP   ; 85                        ; --            ; --          ; --             ;
; MIN_CORE_JUNCTION_TEMP   ; 0                         ; --            ; --          ; --             ;
; PROJECT_OUTPUT_DIRECTORY ; output_files              ; --            ; --          ; --             ;
+--------------------------+---------------------------+---------------+-------------+----------------+


+-------------------------------------------------------------------------------------------------------------------------------+
; Flow Elapsed Time                                                                                                             ;
+---------------------------+--------------+-------------------------+---------------------+------------------------------------+
; Module Name               ; Elapsed Time ; Average Processors Used ; Peak Virtual Memory ; Total CPU Time (on all processors) ;
+---------------------------+--------------+-------------------------+---------------------+------------------------------------+
; Analysis & Synthesis      ; 00:00:06     ; 1.0                     ; 324 MB              ; 00:00:06                           ;
; Fitter                    ; 00:00:03     ; 1.0                     ; 293 MB              ; 00:00:03                           ;
; TimeQuest Timing Analyzer ; 00:00:02     ; 1.0                     ; 290 MB              ; 00:00:02                           ;
; EDA Netlist Writer        ; 00:00:01     ; 1.0                     ; 292 MB              ; 00:00:01                           ;
; Assembler                 ; 00:00:02     ; 1.0                     ; 298 MB              ; 00:00:02                           ;
; Total                     ; 00:00:14     ; --                      ; --                  ; 00:00:14                           ;
+---------------------------+--------------+-------------------------+---------------------+------------------------------------+


+-------------------------------------------------------------------------------------------+
; Flow OS Summary                                                                           ;
+---------------------------+------------------+--------------+------------+----------------+
; Module Name               ; Machine Hostname ; OS Name      ; OS Version ; Processor type ;
+---------------------------+------------------+--------------+------------+----------------+
; Analysis & Synthesis      ; ubuntu17         ; Ubuntu 17.10 ; 17         ; x86_64         ;
; Fitter                    ; ubuntu17         ; Ubuntu 17.10 ; 17         ; x86_64         ;
; TimeQuest Timing Analyzer ; ubuntu17         ; Ubuntu 17.10 ; 17         ; x86_64         ;
; EDA Netlist Writer        ; ubuntu17         ; Ubuntu 17.10 ; 17         ; x86_64         ;
; Assembler                 ; ubuntu17         ; Ubuntu 17.10 ; 17         ; x86_64         ;
+---------------------------+------------------+--------------+------------+----------------+


------------
; Flow Log ;
------------
quartus_map --read_settings_files=on --write_settings_files=off alu6 -c alu6
quartus_fit --read_settings_files=off --write_settings_files=off alu6 -c alu6
quartus_sta alu6 -c alu6
quartus_eda --read_settings_files=on --write_settings_files=off alu6 -c alu6
quartus_asm --read_settings_files=on --write_settings_files=off alu6 -c alu6



