Flow report for regfile8x6
Tue Jun 19 22:09:29 2018
Quartus Prime Version 15.1.0 Build 185 10/21/2015 SJ Lite Edition


---------------------
; Table of Contents ;
---------------------
  1. Legal Notice
  2. Flow Summary
  3. Flow Settings
  4. Flow Non-Default Global Settings
  5. Flow Elapsed Time
  6. Flow OS Summary
  7. Flow Log
  8. Flow Messages
  9. Flow Suppressed Messages



----------------
; Legal Notice ;
----------------
Copyright (C) 1991-2015 Altera Corporation. All rights reserved.
Your use of Altera Corporation's design tools, logic functions 
and other software and tools, and its AMPP partner logic 
functions, and any output files from any of the foregoing 
(including device programming or simulation files), and any 
associated documentation or information are expressly subject 
to the terms and conditions of the Altera Program License 
Subscription Agreement, the Altera Quartus Prime License Agreement,
the Altera MegaCore Function License Agreement, or other 
applicable license agreement, including, without limitation, 
that your use is for the sole purpose of programming logic 
devices manufactured by Altera and sold by Altera or its 
authorized distributors.  Please refer to the applicable 
agreement for further details.



+---------------------------------------------------------------------+
; Flow Summary                                                        ;
+-----------------------+---------------------------------------------+
; Flow Status           ; Successful - Tue Jun 19 22:09:29 2018       ;
; Quartus Prime Version ; 15.1.0 Build 185 10/21/2015 SJ Lite Edition ;
; Revision Name         ; regfile8x6                                  ;
; Top-level Entity Name ; c61registerset                              ;
; Family                ; MAX II                                      ;
; Device                ; EPM240T100C5                                ;
; Timing Models         ; Final                                       ;
; Total logic elements  ; 142 / 240 ( 59 % )                          ;
; Total pins            ; 63 / 80 ( 79 % )                            ;
; Total virtual pins    ; 0                                           ;
; UFM blocks            ; 0 / 1 ( 0 % )                               ;
+-----------------------+---------------------------------------------+


+-----------------------------------------+
; Flow Settings                           ;
+-------------------+---------------------+
; Option            ; Setting             ;
+-------------------+---------------------+
; Start date & time ; 06/19/2018 21:02:43 ;
; Main task         ; Compilation         ;
; Revision Name     ; regfile8x6          ;
+-------------------+---------------------+


+------------------------------------------------------------------------------------------------------------------+
; Flow Non-Default Global Settings                                                                                 ;
+---------------------------------------+-------------------------------+---------------+-------------+------------+
; Assignment Name                       ; Value                         ; Default Value ; Entity Name ; Section Id ;
+---------------------------------------+-------------------------------+---------------+-------------+------------+
; COMPILER_SIGNATURE_ID                 ; 8796753007637.152943856304628 ; --            ; --          ; --         ;
; MAX_CORE_JUNCTION_TEMP                ; 85                            ; --            ; --          ; --         ;
; MIN_CORE_JUNCTION_TEMP                ; 0                             ; --            ; --          ; --         ;
; POWER_EXT_SUPPLY_VOLTAGE_TO_REGULATOR ; 3.3V                          ; --            ; --          ; --         ;
; POWER_PRESET_COOLING_SOLUTION         ; No Heat Sink With Still Air   ; --            ; --          ; --         ;
; PROJECT_OUTPUT_DIRECTORY              ; output_files                  ; --            ; --          ; --         ;
; TOP_LEVEL_ENTITY                      ; c61registerset                ; regfile8x6    ; --          ; --         ;
+---------------------------------------+-------------------------------+---------------+-------------+------------+


+-------------------------------------------------------------------------------------------------------------------------------+
; Flow Elapsed Time                                                                                                             ;
+---------------------------+--------------+-------------------------+---------------------+------------------------------------+
; Module Name               ; Elapsed Time ; Average Processors Used ; Peak Virtual Memory ; Total CPU Time (on all processors) ;
+---------------------------+--------------+-------------------------+---------------------+------------------------------------+
; Analysis & Synthesis      ; 00:00:34     ; 1.0                     ; 754 MB              ; 00:01:05                           ;
; Fitter                    ; 00:00:24     ; 1.0                     ; 957 MB              ; 00:00:07                           ;
; Fitter                    ; 00:00:16     ; 1.0                     ; 958 MB              ; 00:00:07                           ;
; Fitter                    ; 00:00:18     ; 1.0                     ; 958 MB              ; 00:00:07                           ;
; I/O Assignment Analysis   ; 00:00:18     ; 1.0                     ; 862 MB              ; 00:00:05                           ;
; Fitter                    ; 00:00:14     ; 1.0                     ; 958 MB              ; 00:00:07                           ;
; Assembler                 ; 00:00:05     ; 1.0                     ; 686 MB              ; 00:00:03                           ;
; TimeQuest Timing Analyzer ; 00:00:14     ; 1.0                     ; 691 MB              ; 00:00:05                           ;
; Total                     ; 00:02:23     ; --                      ; --                  ; 00:01:46                           ;
+---------------------------+--------------+-------------------------+---------------------+------------------------------------+


+----------------------------------------------------------------------------------------+
; Flow OS Summary                                                                        ;
+---------------------------+------------------+-----------+------------+----------------+
; Module Name               ; Machine Hostname ; OS Name   ; OS Version ; Processor type ;
+---------------------------+------------------+-----------+------------+----------------+
; Analysis & Synthesis      ; tmp              ; Windows 7 ; 6.1        ; x86_64         ;
; Fitter                    ; tmp              ; Windows 7 ; 6.1        ; x86_64         ;
; Fitter                    ; tmp              ; Windows 7 ; 6.1        ; x86_64         ;
; Fitter                    ; tmp              ; Windows 7 ; 6.1        ; x86_64         ;
; I/O Assignment Analysis   ; tmp              ; Windows 7 ; 6.1        ; x86_64         ;
; Fitter                    ; tmp              ; Windows 7 ; 6.1        ; x86_64         ;
; Assembler                 ; tmp              ; Windows 7 ; 6.1        ; x86_64         ;
; TimeQuest Timing Analyzer ; tmp              ; Windows 7 ; 6.1        ; x86_64         ;
+---------------------------+------------------+-----------+------------+----------------+


------------
; Flow Log ;
------------
quartus_map --read_settings_files=on --write_settings_files=off regfile8x6 -c regfile8x6
quartus_fit --read_settings_files=off --write_settings_files=off regfile8x6 -c regfile8x6
quartus_fit --read_settings_files=on --write_settings_files=off regfile8x6 -c regfile8x6
quartus_fit --read_settings_files=on --write_settings_files=off regfile8x6 -c regfile8x6
quartus_fit --read_settings_files=on --write_settings_files=off regfile8x6 -c regfile8x6 --plan
quartus_fit --read_settings_files=on --write_settings_files=off regfile8x6 -c regfile8x6
quartus_asm --read_settings_files=on --write_settings_files=off regfile8x6 -c regfile8x6
quartus_sta regfile8x6 -c regfile8x6
quartus_eda --read_settings_files=on --write_settings_files=off regfile8x6 -c regfile8x6



